{"4"=>"twoooo", "action"=>"update", "controller"=>"items", "id"=>"4"}
{"4"=>"", "action"=>"update", "controller"=>"items", "id"=>"4"}
{"4"=>"uuuu", "action"=>"update", "controller"=>"items", "id"=>"4"}
{"4"=>"twooooo", "action"=>"update", "controller"=>"items", "id"=>"4"}
{"4"=>"twooooo", "action"=>"update", "controller"=>"items", "id"=>"4"}
{"4"=>"twoooooooooo", "action"=>"update", "controller"=>"items", "id"=>"4"}
{"action"=>"update", "controller"=>"items", "id"=>"3"}
{"items"=>{"title"=>"ooooo"}, "action"=>"update", "controller"=>"items", "id"=>"3"}
{"items"=>{"title"=>"twoooooo"}, "action"=>"update", "controller"=>"items", "id"=>"3"}
{"item"=>{"title"=>"oiiiiii"}, "action"=>"update", "controller"=>"items", "id"=>"3"}
{"item"=>{"title"=>""}, "action"=>"update", "controller"=>"items", "id"=>"3"}
{"item"=>{"title"=>""}, "action"=>"update", "controller"=>"items", "id"=>"3"}
{"item"=>{"title"=>""}, "action"=>"update", "controller"=>"items", "id"=>"3"}
{"item"=>{"title"=>"uu"}, "action"=>"update", "controller"=>"items", "id"=>"3"}
{"action"=>"update", "controller"=>"items", "id"=>"3"}
{"action"=>"update", "controller"=>"items", "id"=>"3"}
{"action"=>"update", "controller"=>"items", "id"=>"3"}
{"action"=>"update", "controller"=>"items", "id"=>"3"}
{"item"=>{"title"=>"twoooo"}, "action"=>"update", "controller"=>"items", "id"=>"3"}
{"item"=>{"title"=>"one"}, "action"=>"update", "controller"=>"items", "id"=>"3"}
{"item"=>{"title"=>""}, "action"=>"update", "controller"=>"items", "id"=>"3"}
{"item"=>{"title"=>""}, "action"=>"update", "controller"=>"items", "id"=>"3"}
{"item"=>{"title"=>""}, "action"=>"update", "controller"=>"items", "id"=>"3"}
{"item"=>{"title"=>""}, "action"=>"update", "controller"=>"items", "id"=>"3"}
{"item"=>{"title"=>""}, "action"=>"update", "controller"=>"items", "id"=>"3"}
{"item"=>{"title"=>""}, "action"=>"update", "controller"=>"items", "id"=>"3"}
{"item"=>{"title"=>""}, "action"=>"update", "controller"=>"items", "id"=>"3"}
{"item"=>{"title"=>""}, "action"=>"update", "controller"=>"items", "id"=>"3"}
{"item"=>{"title"=>"twotwo"}, "action"=>"update", "controller"=>"items", "id"=>"3"}
{"item"=>{"title"=>"one"}, "action"=>"update", "controller"=>"items", "id"=>"3"}
{"item"=>{"title"=>""}, "action"=>"update", "controller"=>"items", "id"=>"3"}
{"item"=>{"title"=>""}, "action"=>"update", "controller"=>"items", "id"=>"3"}
{"item"=>{"title"=>""}, "action"=>"update", "controller"=>"items", "id"=>"3"}
{"item"=>{"title"=>""}, "action"=>"update", "controller"=>"items", "id"=>"3"}
{"item"=>{"title"=>""}, "action"=>"update", "controller"=>"items", "id"=>"3"}
{"item"=>{"title"=>""}, "action"=>"update", "controller"=>"items", "id"=>"3"}
{"item"=>{"title"=>""}, "action"=>"update", "controller"=>"items", "id"=>"3"}
{"item"=>{"title"=>""}, "action"=>"update", "controller"=>"items", "id"=>"3"}
{"item"=>{"title"=>""}, "action"=>"update", "controller"=>"items", "id"=>"3"}
{"item"=>{"title"=>"ttt"}, "action"=>"update", "controller"=>"items", "id"=>"3"}
{"item"=>{"title"=>"twooooo"}, "action"=>"update", "controller"=>"items", "id"=>"3"}
{"item"=>{"title"=>"twotwotwotwo"}, "action"=>"update", "controller"=>"items", "id"=>"3"}
{"item"=>{"title"=>"twoppppppp"}, "action"=>"update", "controller"=>"items", "id"=>"3"}
{"item"=>{"title"=>"twottttttttttt"}, "action"=>"update", "controller"=>"items", "id"=>"3"}
{"item"=>{"title"=>"twotttttttttttoooo"}, "action"=>"update", "controller"=>"items", "id"=>"3"}
{"item"=>{"title"=>"two4444444"}, "action"=>"update", "controller"=>"items", "id"=>"3"}
{"item"=>{"title"=>""}, "action"=>"update", "controller"=>"items", "id"=>"3"}
{"item"=>{"title"=>""}, "action"=>"update", "controller"=>"items", "id"=>"3"}
{"item"=>{"title"=>""}, "action"=>"update", "controller"=>"items", "id"=>"3"}
{"item"=>{"title"=>""}, "action"=>"update", "controller"=>"items", "id"=>"3"}
{"item"=>{"title"=>"two3333"}, "action"=>"update", "controller"=>"items", "id"=>"3"}
{"item"=>{"title"=>"two44444444"}, "action"=>"update", "controller"=>"items", "id"=>"3"}
{"item"=>{"title"=>"4444444444444"}, "action"=>"update", "controller"=>"items", "id"=>"4"}
{"item"=>{"title"=>"33333333333333"}, "action"=>"update", "controller"=>"items", "id"=>"3"}
{"item"=>{"title"=>""}, "action"=>"update", "controller"=>"items", "id"=>"4"}
{"item"=>{"title"=>"4444444444"}, "action"=>"update", "controller"=>"items", "id"=>"4"}
{"item"=>{"title"=>"one"}, "action"=>"update", "controller"=>"items", "id"=>"3"}
{"item"=>{"title"=>"two"}, "action"=>"update", "controller"=>"items", "id"=>"4"}
{"item"=>{"title"=>"one3"}, "action"=>"update", "controller"=>"items", "id"=>"3"}
{"item"=>{"title"=>"one3333"}, "action"=>"update", "controller"=>"items", "id"=>"3"}
{"item"=>{"title"=>""}, "action"=>"update", "controller"=>"items", "id"=>"3"}
{"item"=>{"title"=>"one"}, "action"=>"update", "controller"=>"items", "id"=>"3"}
{"item"=>{"title"=>"one333"}, "action"=>"update", "controller"=>"items", "id"=>"3"}
{"item"=>{"title"=>"two4444"}, "action"=>"update", "controller"=>"items", "id"=>"4"}
{"item"=>{"title"=>""}, "action"=>"update", "controller"=>"items", "id"=>"4"}
{"item"=>{"title"=>""}, "action"=>"update", "controller"=>"items", "id"=>"4"}
{"item"=>{"title"=>""}, "action"=>"update", "controller"=>"items", "id"=>"4"}
{"item"=>{"title"=>""}, "action"=>"update", "controller"=>"items", "id"=>"3"}
{"item"=>{"title"=>""}, "action"=>"update", "controller"=>"items", "id"=>"4"}
{"item"=>{"title"=>""}, "action"=>"update", "controller"=>"items", "id"=>"4"}
{"item"=>{"title"=>"one3"}, "action"=>"update", "controller"=>"items", "id"=>"3"}
{"item"=>{"title"=>"one30"}, "action"=>"update", "controller"=>"items", "id"=>"3"}
{"item"=>{"title"=>"one300"}, "action"=>"update", "controller"=>"items", "id"=>"3"}
{"item"=>{"title"=>"one3"}, "action"=>"update", "controller"=>"items", "id"=>"3"}
{"item"=>{"title"=>"one"}, "action"=>"update", "controller"=>"items", "id"=>"3"}
{"item"=>{"title"=>"one333"}, "action"=>"update", "controller"=>"items", "id"=>"3"}
{"item"=>{"title"=>"two4"}, "action"=>"update", "controller"=>"items", "id"=>"4"}
{"item"=>{"title"=>""}, "action"=>"update", "controller"=>"items", "id"=>"4"}
{"item"=>{"title"=>"one3"}, "action"=>"update", "controller"=>"items", "id"=>"3"}
{"item"=>{"title"=>""}, "action"=>"update", "controller"=>"items", "id"=>"3"}
{"item"=>{"title"=>""}, "action"=>"update", "controller"=>"items", "id"=>"3"}
{"item"=>{"title"=>"one33"}, "action"=>"update", "controller"=>"items", "id"=>"3"}
{"item"=>{"title"=>""}, "action"=>"update", "controller"=>"items", "id"=>"3"}
{"item"=>{"title"=>""}, "action"=>"update", "controller"=>"items", "id"=>"3"}
{"item"=>{"title"=>""}, "action"=>"update", "controller"=>"items", "id"=>"3"}
{"item"=>{"title"=>""}, "action"=>"update", "controller"=>"items", "id"=>"3"}
{"item"=>{"title"=>""}, "action"=>"update", "controller"=>"items", "id"=>"3"}
{"item"=>{"title"=>""}, "action"=>"update", "controller"=>"items", "id"=>"3"}
{"item"=>{"title"=>""}, "action"=>"update", "controller"=>"items", "id"=>"3"}
{"item"=>{"title"=>""}, "action"=>"update", "controller"=>"items", "id"=>"3"}
{"item"=>{"title"=>""}, "action"=>"update", "controller"=>"items", "id"=>"3"}
{"item"=>{"title"=>""}, "action"=>"update", "controller"=>"items", "id"=>"3"}
{"item"=>{"title"=>""}, "action"=>"update", "controller"=>"items", "id"=>"3"}
{"item"=>{"title"=>""}, "action"=>"update", "controller"=>"items", "id"=>"3"}
{"item"=>{"title"=>""}, "action"=>"update", "controller"=>"items", "id"=>"3"}
{"item"=>{"title"=>""}, "action"=>"update", "controller"=>"items", "id"=>"3"}
{"item"=>{"title"=>""}, "action"=>"update", "controller"=>"items", "id"=>"4"}
#<ActiveModel::Errors:0x000000047e0a78 @base=#<Item id: 4, title: "", description: "two", created_at: "2013-12-15 03:15:56", updated_at: "2013-12-17 14:14:58", avatar_file_name: "kkkk.png", avatar_content_type: "image/png", avatar_file_size: 486217, avatar_updated_at: "2013-12-15 03:15:56">, @messages={:title=>["不能为空字符"]}>
{"item"=>{"title"=>""}, "action"=>"update", "controller"=>"items", "id"=>"3"}
#<ActiveModel::Errors:0x00000004a4f160 @base=#<Item id: 3, title: "", description: "one", created_at: "2013-12-15 03:15:35", updated_at: "2013-12-17 14:28:40", avatar_file_name: "2013-12-15_10_45_33的屏幕截图.png", avatar_content_type: "image/png", avatar_file_size: 106647, avatar_updated_at: "2013-12-15 03:15:35">, @messages={:title=>["不能为空字符"]}>
{"item"=>{"title"=>""}, "action"=>"update", "controller"=>"items", "id"=>"3"}
#<ActiveModel::Errors:0x00000004afe318 @base=#<Item id: 3, title: "", description: "one", created_at: "2013-12-15 03:15:35", updated_at: "2013-12-17 14:28:40", avatar_file_name: "2013-12-15_10_45_33的屏幕截图.png", avatar_content_type: "image/png", avatar_file_size: 106647, avatar_updated_at: "2013-12-15 03:15:35">, @messages={:title=>["不能为空字符"]}>
{"item"=>{"title"=>""}, "action"=>"update", "controller"=>"items", "id"=>"3"}
#<ActiveModel::Errors:0x00000004981580 @base=#<Item id: 3, title: "", description: "one", created_at: "2013-12-15 03:15:35", updated_at: "2013-12-17 14:28:40", avatar_file_name: "2013-12-15_10_45_33的屏幕截图.png", avatar_content_type: "image/png", avatar_file_size: 106647, avatar_updated_at: "2013-12-15 03:15:35">, @messages={:title=>["不能为空字符"]}>
{"item"=>{"title"=>""}, "action"=>"update", "controller"=>"items", "id"=>"3"}
#<ActiveModel::Errors:0x00000004977788 @base=#<Item id: 3, title: "", description: "one", created_at: "2013-12-15 03:15:35", updated_at: "2013-12-17 14:28:40", avatar_file_name: "2013-12-15_10_45_33的屏幕截图.png", avatar_content_type: "image/png", avatar_file_size: 106647, avatar_updated_at: "2013-12-15 03:15:35">, @messages={:title=>["不能为空字符"]}>
{"item"=>{"title"=>""}, "action"=>"update", "controller"=>"items", "id"=>"3"}
#<ActiveModel::Errors:0x00000003f97060 @base=#<Item id: 3, title: "", description: "one", created_at: "2013-12-15 03:15:35", updated_at: "2013-12-17 14:28:40", avatar_file_name: "2013-12-15_10_45_33的屏幕截图.png", avatar_content_type: "image/png", avatar_file_size: 106647, avatar_updated_at: "2013-12-15 03:15:35">, @messages={:title=>["不能为空字符"]}>
{"item"=>{"title"=>""}, "action"=>"update", "controller"=>"items", "id"=>"3"}
#<ActiveModel::Errors:0x000000034f53a0 @base=#<Item id: 3, title: "", description: "one", created_at: "2013-12-15 03:15:35", updated_at: "2013-12-17 14:28:40", avatar_file_name: "2013-12-15_10_45_33的屏幕截图.png", avatar_content_type: "image/png", avatar_file_size: 106647, avatar_updated_at: "2013-12-15 03:15:35">, @messages={:title=>["不能为空字符"]}>
{"item"=>{"title"=>""}, "action"=>"update", "controller"=>"items", "id"=>"3"}
#<ActiveModel::Errors:0x00000003a8d290 @base=#<Item id: 3, title: "", description: "one", created_at: "2013-12-15 03:15:35", updated_at: "2013-12-17 14:28:40", avatar_file_name: "2013-12-15_10_45_33的屏幕截图.png", avatar_content_type: "image/png", avatar_file_size: 106647, avatar_updated_at: "2013-12-15 03:15:35">, @messages={:title=>["不能为空字符"]}>
{"item"=>{"title"=>""}, "action"=>"update", "controller"=>"items", "id"=>"3"}
#<ActiveModel::Errors:0x000000048c1668 @base=#<Item id: 3, title: "", description: "one", created_at: "2013-12-15 03:15:35", updated_at: "2013-12-17 14:28:40", avatar_file_name: "2013-12-15_10_45_33的屏幕截图.png", avatar_content_type: "image/png", avatar_file_size: 106647, avatar_updated_at: "2013-12-15 03:15:35">, @messages={:title=>["不能为空字符"]}>
{"item"=>{"title"=>""}, "action"=>"update", "controller"=>"items", "id"=>"3"}
#<ActiveModel::Errors:0x0000000348e470 @base=#<Item id: 3, title: "", description: "one", created_at: "2013-12-15 03:15:35", updated_at: "2013-12-17 14:28:40", avatar_file_name: "2013-12-15_10_45_33的屏幕截图.png", avatar_content_type: "image/png", avatar_file_size: 106647, avatar_updated_at: "2013-12-15 03:15:35">, @messages={:title=>["不能为空字符"]}>
{"item"=>{"title"=>""}, "action"=>"update", "controller"=>"items", "id"=>"3"}
#<ActiveModel::Errors:0x0000000350fe08 @base=#<Item id: 3, title: "", description: "one", created_at: "2013-12-15 03:15:35", updated_at: "2013-12-17 14:28:40", avatar_file_name: "2013-12-15_10_45_33的屏幕截图.png", avatar_content_type: "image/png", avatar_file_size: 106647, avatar_updated_at: "2013-12-15 03:15:35">, @messages={:title=>["不能为空字符"]}>
{"item"=>{"title"=>""}, "action"=>"update", "controller"=>"items", "id"=>"3"}
#<ActiveModel::Errors:0x00000003aa1c40 @base=#<Item id: 3, title: "", description: "one", created_at: "2013-12-15 03:15:35", updated_at: "2013-12-17 14:28:40", avatar_file_name: "2013-12-15_10_45_33的屏幕截图.png", avatar_content_type: "image/png", avatar_file_size: 106647, avatar_updated_at: "2013-12-15 03:15:35">, @messages={:title=>["不能为空字符"]}>
{"item"=>{"title"=>""}, "action"=>"update", "controller"=>"items", "id"=>"3"}
#<ActiveModel::Errors:0x00000003a90c60 @base=#<Item id: 3, title: "", description: "one", created_at: "2013-12-15 03:15:35", updated_at: "2013-12-17 14:28:40", avatar_file_name: "2013-12-15_10_45_33的屏幕截图.png", avatar_content_type: "image/png", avatar_file_size: 106647, avatar_updated_at: "2013-12-15 03:15:35">, @messages={:title=>["不能为空字符"]}>
{"item"=>{"title"=>""}, "action"=>"update", "controller"=>"items", "id"=>"4"}
#<ActiveModel::Errors:0x000000028d0e80 @base=#<Item id: 4, title: "", description: "two", created_at: "2013-12-15 03:15:56", updated_at: "2013-12-17 14:14:58", avatar_file_name: "kkkk.png", avatar_content_type: "image/png", avatar_file_size: 486217, avatar_updated_at: "2013-12-15 03:15:56">, @messages={:title=>["不能为空字符"]}>
{"name"=>"title", "value"=>"", "pk"=>"3", "action"=>"update", "controller"=>"items", "id"=>"3"}
{"name"=>"title", "value"=>"", "pk"=>"4", "action"=>"update", "controller"=>"items", "id"=>"4"}
{"name"=>"title", "value"=>"", "pk"=>"3", "action"=>"update", "controller"=>"items", "id"=>"3"}
{"name"=>"item[title]", "value"=>"", "pk"=>"3", "action"=>"update", "controller"=>"items", "id"=>"3"}
{"name"=>"item[title]", "value"=>"", "pk"=>"", "action"=>"update", "controller"=>"items", "id"=>"3"}
{"name"=>"item[title]", "value"=>"333333333333", "pk"=>"", "action"=>"update", "controller"=>"items", "id"=>"3"}
{"name"=>"item[title]", "value"=>"3333333333333", "pk"=>"", "action"=>"update", "controller"=>"items", "id"=>"3"}
{"item"=>{"item"=>{"title"=>"two4444"}}, "action"=>"update", "controller"=>"items", "id"=>"4"}
{"item"=>{"title"=>"one333"}, "action"=>"update", "controller"=>"items", "id"=>"3"}
{"item"=>{"title"=>""}, "action"=>"update", "controller"=>"items", "id"=>"3"}
#<ActiveModel::Errors:0x000000025315e0 @base=#<Item id: 3, title: "", description: "one", created_at: "2013-12-15 03:15:35", updated_at: "2013-12-18 03:14:01", avatar_file_name: "2013-12-15_10_45_33的屏幕截图.png", avatar_content_type: "image/png", avatar_file_size: 106647, avatar_updated_at: "2013-12-15 03:15:35">, @messages={:title=>["不能为空字符"]}>
{"item"=>{"title"=>""}, "action"=>"update", "controller"=>"items", "id"=>"3"}
#<ActiveModel::Errors:0x000000024d1e10 @base=#<Item id: 3, title: "", description: "one", created_at: "2013-12-15 03:15:35", updated_at: "2013-12-18 03:14:01", avatar_file_name: "2013-12-15_10_45_33的屏幕截图.png", avatar_content_type: "image/png", avatar_file_size: 106647, avatar_updated_at: "2013-12-15 03:15:35">, @messages={:title=>["不能为空字符"]}>
{"item"=>{"title"=>""}, "action"=>"update", "controller"=>"items", "id"=>"3"}
#<ActiveModel::Errors:0x000000025b8c98 @base=#<Item id: 3, title: "", description: "one", created_at: "2013-12-15 03:15:35", updated_at: "2013-12-18 03:14:01", avatar_file_name: "2013-12-15_10_45_33的屏幕截图.png", avatar_content_type: "image/png", avatar_file_size: 106647, avatar_updated_at: "2013-12-15 03:15:35">, @messages={:title=>["不能为空字符"]}>
{"item"=>{"title"=>""}, "action"=>"update", "controller"=>"items", "id"=>"4"}
#<ActiveModel::Errors:0x00000002282600 @base=#<Item id: 4, title: "", description: "two", created_at: "2013-12-15 03:15:56", updated_at: "2013-12-17 14:14:58", avatar_file_name: "kkkk.png", avatar_content_type: "image/png", avatar_file_size: 486217, avatar_updated_at: "2013-12-15 03:15:56">, @messages={:title=>["不能为空字符"]}>
{"item"=>{"title"=>""}, "action"=>"update", "controller"=>"items", "id"=>"3"}
#<ActiveModel::Errors:0x000000033a92f8 @base=#<Item id: 3, title: "", description: "one", created_at: "2013-12-15 03:15:35", updated_at: "2013-12-18 03:14:01", avatar_file_name: "2013-12-15_10_45_33的屏幕截图.png", avatar_content_type: "image/png", avatar_file_size: 106647, avatar_updated_at: "2013-12-15 03:15:35">, @messages={:title=>["不能为空字符"]}>
{"item"=>{"title"=>""}, "action"=>"update", "controller"=>"items", "id"=>"3"}
#<ActiveModel::Errors:0x000000025fb228 @base=#<Item id: 3, title: "", description: "one", created_at: "2013-12-15 03:15:35", updated_at: "2013-12-18 03:14:01", avatar_file_name: "2013-12-15_10_45_33的屏幕截图.png", avatar_content_type: "image/png", avatar_file_size: 106647, avatar_updated_at: "2013-12-15 03:15:35">, @messages={:title=>["不能为空字符"]}>
{"item"=>{"title"=>""}, "action"=>"update", "controller"=>"items", "id"=>"3"}
#<ActiveModel::Errors:0x00000002553eb0 @base=#<Item id: 3, title: "", description: "one", created_at: "2013-12-15 03:15:35", updated_at: "2013-12-18 03:14:01", avatar_file_name: "2013-12-15_10_45_33的屏幕截图.png", avatar_content_type: "image/png", avatar_file_size: 106647, avatar_updated_at: "2013-12-15 03:15:35">, @messages={:title=>["不能为空字符"]}>
{"item"=>{"title"=>""}, "action"=>"update", "controller"=>"items", "id"=>"3"}
#<ActiveModel::Errors:0x00000002a2cc48 @base=#<Item id: 3, title: "", description: "one", created_at: "2013-12-15 03:15:35", updated_at: "2013-12-18 03:14:01", avatar_file_name: "2013-12-15_10_45_33的屏幕截图.png", avatar_content_type: "image/png", avatar_file_size: 106647, avatar_updated_at: "2013-12-15 03:15:35">, @messages={:title=>["不能为空字符"]}>
{"item"=>{"title"=>""}, "action"=>"update", "controller"=>"items", "id"=>"3"}
#<ActiveModel::Errors:0x000000034adc58 @base=#<Item id: 3, title: "", description: "one", created_at: "2013-12-15 03:15:35", updated_at: "2013-12-18 03:14:01", avatar_file_name: "2013-12-15_10_45_33的屏幕截图.png", avatar_content_type: "image/png", avatar_file_size: 106647, avatar_updated_at: "2013-12-15 03:15:35">, @messages={:title=>["不能为空字符"]}>
{"item"=>{"title"=>""}, "action"=>"update", "controller"=>"items", "id"=>"3"}
#<ActiveModel::Errors:0x000000038b00f8 @base=#<Item id: 3, title: "", description: "one", created_at: "2013-12-15 03:15:35", updated_at: "2013-12-18 03:14:01", avatar_file_name: "2013-12-15_10_45_33的屏幕截图.png", avatar_content_type: "image/png", avatar_file_size: 106647, avatar_updated_at: "2013-12-15 03:15:35">, @messages={:title=>["不能为空字符"]}>
{"item"=>{"title"=>""}, "action"=>"update", "controller"=>"items", "id"=>"3"}
#<ActiveModel::Errors:0x0000000306a088 @base=#<Item id: 3, title: "", description: "one", created_at: "2013-12-15 03:15:35", updated_at: "2013-12-18 03:14:01", avatar_file_name: "2013-12-15_10_45_33的屏幕截图.png", avatar_content_type: "image/png", avatar_file_size: 106647, avatar_updated_at: "2013-12-15 03:15:35">, @messages={:title=>["不能为空字符"]}>
{"item"=>{"title"=>""}, "action"=>"update", "controller"=>"items", "id"=>"3"}
#<ActiveModel::Errors:0x00000003a0ed00 @base=#<Item id: 3, title: "", description: "one", created_at: "2013-12-15 03:15:35", updated_at: "2013-12-18 03:14:01", avatar_file_name: "2013-12-15_10_45_33的屏幕截图.png", avatar_content_type: "image/png", avatar_file_size: 106647, avatar_updated_at: "2013-12-15 03:15:35">, @messages={:title=>["不能为空字符"]}>
{"item"=>{"title"=>""}, "action"=>"update", "controller"=>"items", "id"=>"3"}
#<ActiveModel::Errors:0x000000038040a0 @base=#<Item id: 3, title: "", description: "one", created_at: "2013-12-15 03:15:35", updated_at: "2013-12-18 03:14:01", avatar_file_name: "2013-12-15_10_45_33的屏幕截图.png", avatar_content_type: "image/png", avatar_file_size: 106647, avatar_updated_at: "2013-12-15 03:15:35">, @messages={:title=>["不能为空字符"]}>
{"utf8"=>"✓", "_method"=>"put", "authenticity_token"=>"1LYDTkmDKWcOlmkmoagXUAv4OlVVM9413ZswsdxkAWI=", "item"=>{"title"=>"one333", "description"=>"<h3>one</h3><div>听我额哦哦哦</div>", "avatar"=>#<ActionDispatch::Http::UploadedFile:0x00000003d8bfc8 @original_filename="kkkk.png", @content_type="image/png", @headers="Content-Disposition: form-data; name=\"item[avatar]\"; filename=\"kkkk.png\"\r\nContent-Type: image/png\r\n", @tempfile=#<File:/tmp/RackMultipart20131218-7781-17eiu5c>>}, "_wysihtml5_mode"=>"1", "commit"=>"更新Item", "action"=>"update", "controller"=>"items", "id"=>"3"}
{"utf8"=>"✓", "_method"=>"put", "authenticity_token"=>"1LYDTkmDKWcOlmkmoagXUAv4OlVVM9413ZswsdxkAWI=", "item"=>{"title"=>"one333", "description"=>"<h3>one</h3><div>听我额哦哦哦<br>&lt;script&gt;alert('kkkkkkkkkk');&lt;/script&gt;<br>&lt;stylesheet&gt;&lt;/stylesheet&gt;<br></div>", "avatar"=>#<ActionDispatch::Http::UploadedFile:0x00000003d28e00 @original_filename="2013-12-15 10:45:33的屏幕截图.png", @content_type="image/png", @headers="Content-Disposition: form-data; name=\"item[avatar]\"; filename=\"2013-12-15 10:45:33\xE7\x9A\x84\xE5\xB1\x8F\xE5\xB9\x95\xE6\x88\xAA\xE5\x9B\xBE.png\"\r\nContent-Type: image/png\r\n", @tempfile=#<File:/tmp/RackMultipart20131218-7784-1hx6og9>>}, "_wysihtml5_mode"=>"1", "commit"=>"更新Item", "action"=>"update", "controller"=>"items", "id"=>"3"}
"----new session---"
(google_oauth2) Request phase initiated.
(google_oauth2) Request phase initiated.
(google_oauth2) Request phase initiated.
(google_oauth2) Callback phase initiated.
(google_oauth2) Callback phase initiated.
(google_oauth2) Authentication failure! invalid_credentials: OAuth2::Error, invalid_grant: Invalid code.[Email: 

Token Record:
Token: "4/_PO34jqjWkOPHF4f6atTLXSjmUqB.MhudPMjQlQoYgrKXntQAax1Qh2MLhwI"
IssueDomain: "22048821128-on3e389hgqg2vg0litekcmorrrkfc7p6.apps.googleusercontent.com"
IssueTimeSec: 1389517336
ExpirationTime: 1389517936
TokenUsage: 3
Scope: "https://www.googleapis.com/auth/userinfo.email"
Scope: "https://www.googleapis.com/auth/userinfo.profile"
Revoked: true
AuthorizedBy: 0x3fd2ce1854
OAuthCallbackUrl: "http://localhost:8080/users/auth/google_oauth2/callback"
OfflineAccess: true
ClientManagedRevocation: false
InBundle: true
]
{
  "error" : "invalid_grant",
  "error_description" : "Invalid code.[Email: \n\nToken Record:\nToken: \"4/_PO34jqjWkOPHF4f6atTLXSjmUqB.MhudPMjQlQoYgrKXntQAax1Qh2MLhwI\"\nIssueDomain: \"22048821128-on3e389hgqg2vg0litekcmorrrkfc7p6.apps.googleusercontent.com\"\nIssueTimeSec: 1389517336\nExpirationTime: 1389517936\nTokenUsage: 3\nScope: \"https://www.googleapis.com/auth/userinfo.email\"\nScope: \"https://www.googleapis.com/auth/userinfo.profile\"\nRevoked: true\nAuthorizedBy: 0x3fd2ce1854\nOAuthCallbackUrl: \"http://localhost:8080/users/auth/google_oauth2/callback\"\nOfflineAccess: true\nClientManagedRevocation: false\nInBundle: true\n]"
}
(google_oauth2) Callback phase initiated.
(google_oauth2) Authentication failure! invalid_credentials: OAuth2::Error, invalid_grant: Invalid code.[Email: 

Token Record:
Token: "4/_PO34jqjWkOPHF4f6atTLXSjmUqB.MhudPMjQlQoYgrKXntQAax1Qh2MLhwI"
IssueDomain: "22048821128-on3e389hgqg2vg0litekcmorrrkfc7p6.apps.googleusercontent.com"
IssueTimeSec: 1389517336
ExpirationTime: 1389517936
TokenUsage: 3
Scope: "https://www.googleapis.com/auth/userinfo.email"
Scope: "https://www.googleapis.com/auth/userinfo.profile"
Revoked: true
AuthorizedBy: 0x3fd2ce1854
OAuthCallbackUrl: "http://localhost:8080/users/auth/google_oauth2/callback"
OfflineAccess: true
ClientManagedRevocation: false
InBundle: true
]
{
  "error" : "invalid_grant",
  "error_description" : "Invalid code.[Email: \n\nToken Record:\nToken: \"4/_PO34jqjWkOPHF4f6atTLXSjmUqB.MhudPMjQlQoYgrKXntQAax1Qh2MLhwI\"\nIssueDomain: \"22048821128-on3e389hgqg2vg0litekcmorrrkfc7p6.apps.googleusercontent.com\"\nIssueTimeSec: 1389517336\nExpirationTime: 1389517936\nTokenUsage: 3\nScope: \"https://www.googleapis.com/auth/userinfo.email\"\nScope: \"https://www.googleapis.com/auth/userinfo.profile\"\nRevoked: true\nAuthorizedBy: 0x3fd2ce1854\nOAuthCallbackUrl: \"http://localhost:8080/users/auth/google_oauth2/callback\"\nOfflineAccess: true\nClientManagedRevocation: false\nInBundle: true\n]"
}
(google_oauth2) Request phase initiated.
(google_oauth2) Callback phase initiated.
(google_oauth2) Request phase initiated.
(google_oauth2) Callback phase initiated.
(google_oauth2) Request phase initiated.
(google_oauth2) Callback phase initiated.
(google_oauth2) Request phase initiated.
(google_oauth2) Callback phase initiated.
(google_oauth2) Request phase initiated.
(google_oauth2) Callback phase initiated.
(google_oauth2) Request phase initiated.
(google_oauth2) Callback phase initiated.
(google_oauth2) Request phase initiated.
(google_oauth2) Callback phase initiated.
(google_oauth2) Request phase initiated.
(google_oauth2) Callback phase initiated.
(google_oauth2) Request phase initiated.
(google_oauth2) Callback phase initiated.
(google_oauth2) Callback phase initiated.
(google_oauth2) Authentication failure! invalid_credentials: OAuth2::Error, invalid_grant: Invalid code.[Email: 

Token Record:
Token: "4/vrj5zeX_wXou5pPX17M1O_XjWyma.IpYDVu1VWXgWgrKXntQAax0GgHANhwI"
IssueDomain: "22048821128-on3e389hgqg2vg0litekcmorrrkfc7p6.apps.googleusercontent.com"
IssueTimeSec: 1389534538
ExpirationTime: 1389535138
TokenUsage: 3
Scope: "https://www.googleapis.com/auth/userinfo.email"
Scope: "https://www.googleapis.com/auth/userinfo.profile"
ServiceInfo {
  ServiceId: 226
  Info <
    [security_lso_auth_oauth2.EarlyIssuedTokenProto] <
      auto_approved: true
      access_token: "ya29.1.AADtN_W5jL-2JAXafdwYqf7nGzLx8HmFHr8y57jWoq1IYGxT6ujELyawcCq4WqbzFv8"
    >
  >
}
Revoked: true
AuthorizedBy: 0x5b64af1589
OAuthCallbackUrl: "http://localhost:8080/users/auth/google_oauth2/callback"
OfflineAccess: true
ClientManagedRevocation: false
]
{
  "error" : "invalid_grant",
  "error_description" : "Invalid code.[Email: \n\nToken Record:\nToken: \"4/vrj5zeX_wXou5pPX17M1O_XjWyma.IpYDVu1VWXgWgrKXntQAax0GgHANhwI\"\nIssueDomain: \"22048821128-on3e389hgqg2vg0litekcmorrrkfc7p6.apps.googleusercontent.com\"\nIssueTimeSec: 1389534538\nExpirationTime: 1389535138\nTokenUsage: 3\nScope: \"https://www.googleapis.com/auth/userinfo.email\"\nScope: \"https://www.googleapis.com/auth/userinfo.profile\"\nServiceInfo {\n  ServiceId: 226\n  Info <\n    [security_lso_auth_oauth2.EarlyIssuedTokenProto] <\n      auto_approved: true\n      access_token: \"ya29.1.AADtN_W5jL-2JAXafdwYqf7nGzLx8HmFHr8y57jWoq1IYGxT6ujELyawcCq4WqbzFv8\"\n    >\n  >\n}\nRevoked: true\nAuthorizedBy: 0x5b64af1589\nOAuthCallbackUrl: \"http://localhost:8080/users/auth/google_oauth2/callback\"\nOfflineAccess: true\nClientManagedRevocation: false\n]"
}
(google_oauth2) Request phase initiated.
(google_oauth2) Callback phase initiated.
(google_oauth2) Callback phase initiated.
(google_oauth2) Authentication failure! invalid_credentials: OmniAuth::Strategies::OAuth2::CallbackError, OmniAuth::Strategies::OAuth2::CallbackError
(google_oauth2) Request phase initiated.
(google_oauth2) Request phase initiated.
(google_oauth2) Request phase initiated.
(google_oauth2) Callback phase initiated.
(google) Request phase initiated.
(google) Callback phase initiated.
(google) Callback phase initiated.
(google) Authentication failure! invalid_credentials encountered.
(google_openid) Request phase initiated.
(google) Request phase initiated.
(google) Callback phase initiated.
(google) Request phase initiated.
(google) Callback phase initiated.
(github) Request phase initiated.
(github) Request phase initiated.
(github) Request phase initiated.
(github) Request phase initiated.
(github) Callback phase initiated.
(google) Request phase initiated.
(google) Callback phase initiated.
(google) Request phase initiated.
(google) Callback phase initiated.
(google) Request phase initiated.
(google) Request phase initiated.
(google) Callback phase initiated.
(google) Request phase initiated.
(google) Request phase initiated.
(google) Callback phase initiated.
(google) Request phase initiated.
(google) Callback phase initiated.
(google) Request phase initiated.
(google) Callback phase initiated.
(google) Request phase initiated.
(google) Callback phase initiated.
(google_oauth2) Request phase initiated.
(google_oauth2) Callback phase initiated.
(google_oauth2) Request phase initiated.
(google_oauth2) Callback phase initiated.
(google) Request phase initiated.
(google) Callback phase initiated.
(google) Request phase initiated.
(google) Callback phase initiated.
(google) Request phase initiated.
(google) Callback phase initiated.
(github) Request phase initiated.
(github) Callback phase initiated.
(github) Request phase initiated.
(github) Callback phase initiated.
(github) Callback phase initiated.
(github) Authentication failure! invalid_credentials: OAuth2::Error, bad_verification_code: 
error=bad_verification_code
(github) Request phase initiated.
(github) Callback phase initiated.
(github) Request phase initiated.
(github) Callback phase initiated.
(github) Request phase initiated.
(github) Callback phase initiated.
(weibo) Request phase initiated.
(weibo) Request phase initiated.
(weibo) Callback phase initiated.
(weibo) Request phase initiated.
(weibo) Callback phase initiated.
(weibo) Request phase initiated.
(weibo) Callback phase initiated.
(weibo) Request phase initiated.
(weibo) Callback phase initiated.
(weibo) Callback phase initiated.
(weibo) Authentication failure! invalid_credentials: OAuth2::Error, invalid_grant: invalid authorization code:dbfc400a3ef3de279e87077ed0db9060
{"error":"invalid_grant","error_code":21325,"request":"/oauth2/access_token","error_uri":"/oauth2/access_token","error_description":"invalid authorization code:dbfc400a3ef3de279e87077ed0db9060"}
(weibo) Request phase initiated.
(weibo) Callback phase initiated.
(qq_connect) Request phase initiated.
(qq_connect) Request phase initiated.
(qq_connect) Request phase initiated.
(qq_connect) Request phase initiated.
(qq_connect) Request phase initiated.
(qq_connect) Callback phase initiated.
(qq_connect) Callback phase initiated.
(qq_connect) Authentication failure! invalid_credentials: OAuth2::Error, : 
callback({"error":100020,"error_description":"code is reused error"});

(qq_connect) Request phase initiated.
(qq_connect) Callback phase initiated.
(qq_connect) Callback phase initiated.
(qq_connect) Authentication failure! invalid_credentials: OAuth2::Error, : 
callback({"error":100021,"error_description":"get access token error"});

(qq_connect) Request phase initiated.
(qq_connect) Callback phase initiated.
(tqq) Request phase initiated.
(tqq) Request phase initiated.
(tqq) Callback phase initiated.
(tqq) Request phase initiated.
(tqq) Callback phase initiated.
(tqq) Request phase initiated.
(tqq) Callback phase initiated.
(tqq) Request phase initiated.
(tqq) Callback phase initiated.
(qq_connect) Request phase initiated.
(qq_connect) Callback phase initiated.
(qq_connect) Request phase initiated.
(qq_connect) Callback phase initiated.
(qq_connect) Request phase initiated.
(qq_connect) Callback phase initiated.
(weibo) Request phase initiated.
(weibo) Callback phase initiated.
(weibo) Authentication failure! invalid_credentials: OmniAuth::Strategies::OAuth2::CallbackError, OmniAuth::Strategies::OAuth2::CallbackError
(qq_connect) Request phase initiated.
(github) Request phase initiated.
(github) Callback phase initiated.
(github) Authentication failure! invalid_credentials: OmniAuth::Strategies::OAuth2::CallbackError, OmniAuth::Strategies::OAuth2::CallbackError
(google_oauth2) Request phase initiated.
(qq_connect) Request phase initiated.
(qq_connect) Callback phase initiated.
(qq_connect) Request phase initiated.
(qq_connect) Callback phase initiated.
(weibo) Request phase initiated.
(weibo) Callback phase initiated.
(weibo) Request phase initiated.
(weibo) Callback phase initiated.
(qq_connect) Request phase initiated.
(weibo) Request phase initiated.
(weibo) Callback phase initiated.
(qq_connect) Request phase initiated.
(qq_connect) Request phase initiated.
(qq_connect) Callback phase initiated.
(tqq) Request phase initiated.
(tqq) Callback phase initiated.
(qq_connect) Request phase initiated.
(qq_connect) Callback phase initiated.
(qq_connect) Request phase initiated.
(qq_connect) Callback phase initiated.
(qq_connect) Request phase initiated.
(qq_connect) Callback phase initiated.
(qq_connect) Request phase initiated.
(qq_connect) Callback phase initiated.
(tqq) Request phase initiated.
(tqq) Callback phase initiated.
(weibo) Request phase initiated.
(weibo) Callback phase initiated.
(weibo) Request phase initiated.
(weibo) Callback phase initiated.
(tqq) Request phase initiated.
(tqq) Callback phase initiated.
(tqq) Request phase initiated.
(tqq) Callback phase initiated.
(qq_connect) Request phase initiated.
(qq_connect) Callback phase initiated.
[0G
[1mFrom:[0m /home/been/rails_projects/insoshi/app/views/layouts/shared/_sidebar.html.erb @ line 23 ActionView::CompiledTemplates#_app_views_layouts_shared__sidebar_html_erb__2658531064709367565_42833520:

    [1;34m18[0m:   <[31m[1;29m/[0m[31m[31mdiv>[0m[31m[0m
    [1;34m19[0m:   <[32m[1;32m% [0m[32mend[1;32m [0m[32m[0m%>
    [1;34m20[0m:    <li [1;31mclass[0m=[32m[1;32m"[0m[32mdivider[1;32m"[0m[32m[0m><[31m[1;29m/[0m[31m[31mli>[0m[31m[0m
    [1;34m21[0m:    <li [1;31mclass[0m=[32m[1;32m"[0m[32mnav-header[1;32m"[0m[32m[0m>推荐用户<[31m[1;29m/[0m[31m[31mli>[0m[31m[0m
    [1;34m22[0m:    <[32m[1;32m% [0m[32musers[1;32m [0m[32m[0m= [1;34m[4mUser[0m.all.reject{|user| current_user.following?(user) } %>
 => [1;34m23[0m:    <[32m[1;32m% [0m[32mbinding.pry[1;32m [0m[32m[0m%>
    [1;34m24[0m:    <[32m[1;32m% [0m[32musers.slice(0,[1;32m [0m[32m[0m[1;34m3[0m).each [1;31mdo[0m |to_followings| [32m[1;32m%>[0m[32m[0m
    [1;34m25[0m:    <div [1;31mclass[0m=[32m[1;32m"[0m[32mrow-fluid[1;32m"[0m[32m[0m>
    [1;34m26[0m: 	   <[32m[1;32m% [0m[32mto_followings.each[1;32m [0m[32m[0m[1;31mdo[0m |to_following| [32m[1;32m%>[0m[32m[0m
    [1;34m27[0m: 		   <a href=[32m[1;32m'[0m[32m[1;32m'[0m[32m[0m><div [1;31mclass[0m=[32m[1;32m'[0m[32mspan4[1;32m'[0m[32m[0m><[32m[1;32m%=[0m[32m image_tag(to_following.avatar || to_following.gravatar_url(rating: 'R', secure: true) ) %><%[1;32m=[0m[32m[0m to_following.nickname [32m[1;32m%>[0m[32m</div[1;32m>[0m[32m[0m<[31m[1;29m/[0m[31m[31ma>[0m[31m[0m
    [1;34m28[0m: 	   <[32m[1;32m% [0m[32mend[1;32m [0m[32m[0m%>

[1] pry(#<#<Class:0x00000005175390>>)> 
[0G
[1mFrom:[0m /home/been/rails_projects/insoshi/app/views/layouts/shared/_sidebar.html.erb @ line 23 ActionView::CompiledTemplates#_app_views_layouts_shared__sidebar_html_erb__2658531064709367565_43839180:

    [1;34m18[0m:   <[31m[1;29m/[0m[31m[31mdiv>[0m[31m[0m
    [1;34m19[0m:   <[32m[1;32m% [0m[32mend[1;32m [0m[32m[0m%>
    [1;34m20[0m:    <li [1;31mclass[0m=[32m[1;32m"[0m[32mdivider[1;32m"[0m[32m[0m><[31m[1;29m/[0m[31m[31mli>[0m[31m[0m
    [1;34m21[0m:    <li [1;31mclass[0m=[32m[1;32m"[0m[32mnav-header[1;32m"[0m[32m[0m>推荐用户<[31m[1;29m/[0m[31m[31mli>[0m[31m[0m
    [1;34m22[0m:    <[32m[1;32m% [0m[32musers[1;32m [0m[32m[0m= [1;34m[4mUser[0m.all.reject{|user| user == current_user || current_user.following?(user) } %>
 => [1;34m23[0m:    <[32m[1;32m% [0m[32mbinding.pry[1;32m [0m[32m[0m%>
    [1;34m24[0m:    <[32m[1;32m% [0m[32musers.slice(0,[1;32m [0m[32m[0m[1;34m3[0m).each [1;31mdo[0m |to_followings| [32m[1;32m%>[0m[32m[0m
    [1;34m25[0m:    <div [1;31mclass[0m=[32m[1;32m"[0m[32mrow-fluid[1;32m"[0m[32m[0m>
    [1;34m26[0m: 	   <[32m[1;32m% [0m[32mto_followings.each[1;32m [0m[32m[0m[1;31mdo[0m |to_following| [32m[1;32m%>[0m[32m[0m
    [1;34m27[0m: 		   <a href=[32m[1;32m'[0m[32m[1;32m'[0m[32m[0m><div [1;31mclass[0m=[32m[1;32m'[0m[32mspan4[1;32m'[0m[32m[0m><[32m[1;32m%=[0m[32m image_tag(to_following.avatar || to_following.gravatar_url(rating: 'R', secure: true) ) %><%[1;32m=[0m[32m[0m to_following.nickname [32m[1;32m%>[0m[32m</div[1;32m>[0m[32m[0m<[31m[1;29m/[0m[31m[31ma>[0m[31m[0m
    [1;34m28[0m: 	   <[32m[1;32m% [0m[32mend[1;32m [0m[32m[0m%>

[1] pry(#<#<Class:0x00000005176010>>)> 
[0G
[1mFrom:[0m /home/been/rails_projects/insoshi/app/views/layouts/shared/_sidebar.html.erb @ line 23 ActionView::CompiledTemplates#_app_views_layouts_shared__sidebar_html_erb__2658531064709367565_45776340:

    [1;34m18[0m:   <[31m[1;29m/[0m[31m[31mdiv>[0m[31m[0m
    [1;34m19[0m:   <[32m[1;32m% [0m[32mend[1;32m [0m[32m[0m%>
    [1;34m20[0m:    <li [1;31mclass[0m=[32m[1;32m"[0m[32mdivider[1;32m"[0m[32m[0m><[31m[1;29m/[0m[31m[31mli>[0m[31m[0m
    [1;34m21[0m:    <li [1;31mclass[0m=[32m[1;32m"[0m[32mnav-header[1;32m"[0m[32m[0m>推荐用户<[31m[1;29m/[0m[31m[31mli>[0m[31m[0m
    [1;34m22[0m:    <[32m[1;32m% [0m[32musers[1;32m [0m[32m[0m= [1;34m[4mUser[0m.all.reject{|user| user == current_user || current_user.following?(user) } %>
 => [1;34m23[0m:    <[32m[1;32m% [0m[32mbinding.pry[1;32m [0m[32m[0m%>
    [1;34m24[0m:    <[32m[1;32m% [0m[32musers.slice!(0,[1;32m [0m[32m[0m[1;34m3[0m).each [1;31mdo[0m |to_followings| [32m[1;32m%>[0m[32m[0m
    [1;34m25[0m:    <div [1;31mclass[0m=[32m[1;32m"[0m[32mrow-fluid[1;32m"[0m[32m[0m>
    [1;34m26[0m: 	   <[32m[1;32m% [0m[32mto_followings.each[1;32m [0m[32m[0m[1;31mdo[0m |to_following| [32m[1;32m%>[0m[32m[0m
    [1;34m27[0m: 		   <a href=[32m[1;32m'[0m[32m[1;32m'[0m[32m[0m><div [1;31mclass[0m=[32m[1;32m'[0m[32mspan4[1;32m'[0m[32m[0m><[32m[1;32m%=[0m[32m image_tag(to_following.avatar || to_following.gravatar_url(rating: 'R', secure: true) ) %><%[1;32m=[0m[32m[0m to_following.nickname [32m[1;32m%>[0m[32m</div[1;32m>[0m[32m[0m<[31m[1;29m/[0m[31m[31ma>[0m[31m[0m
    [1;34m28[0m: 	   <[32m[1;32m% [0m[32mend[1;32m [0m[32m[0m%>

[1] pry(#<#<Class:0x00000005176010>>)> 
(qq_connect) Request phase initiated.
(qq_connect) Callback phase initiated.
(github) Request phase initiated.
(github) Callback phase initiated.
(github) Authentication failure! invalid_credentials: OmniAuth::Strategies::OAuth2::CallbackError, OmniAuth::Strategies::OAuth2::CallbackError
(google) Request phase initiated.
(google) Callback phase initiated.
(google) Request phase initiated.
(google) Request phase initiated.
(github) Request phase initiated.
(github) Callback phase initiated.
(google) Request phase initiated.
(qq_connect) Request phase initiated.
(qq_connect) Callback phase initiated.
(google_oauth2) Request phase initiated.
(google_oauth2) Request phase initiated.
(google) Request phase initiated.
(google_oauth2) Request phase initiated.
(google_oauth2) Request phase initiated.
(google_oauth2) Callback phase initiated.
(google) Request phase initiated.
(google) Request phase initiated.
(qq_connect) Request phase initiated.
(qq_connect) Callback phase initiated.
(google) Request phase initiated.
(google) Callback phase initiated.
(google) Callback phase initiated.
(google) Callback phase initiated.
(google_oauth2) Request phase initiated.
(google_oauth2) Callback phase initiated.
(github) Request phase initiated.
(github) Callback phase initiated.
(github) Request phase initiated.
(github) Callback phase initiated.
(qq_connect) Request phase initiated.
(qq_connect) Callback phase initiated.
(weibo) Request phase initiated.
(weibo) Callback phase initiated.
(github) Request phase initiated.
(github) Callback phase initiated.
(google_oauth2) Request phase initiated.
(google_oauth2) Callback phase initiated.
(google) Request phase initiated.
(google) Request phase initiated.
(google) Callback phase initiated.
(google_oauth2) Request phase initiated.
(google_oauth2) Callback phase initiated.
(google) Request phase initiated.
(google) Callback phase initiated.
(google_oauth2) Request phase initiated.
(google_oauth2) Callback phase initiated.
(google) Request phase initiated.
(google) Callback phase initiated.
(google_oauth2) Request phase initiated.
(google_oauth2) Callback phase initiated.
(google_oauth2) Request phase initiated.
(google_oauth2) Callback phase initiated.
(google) Request phase initiated.
(google) Request phase initiated.
(google) Callback phase initiated.
(google_oauth2) Request phase initiated.
(google_oauth2) Callback phase initiated.
(google) Request phase initiated.
(google) Callback phase initiated.
(google_oauth2) Request phase initiated.
(google_oauth2) Callback phase initiated.
(google) Request phase initiated.
(google) Callback phase initiated.
(google) Request phase initiated.
(google) Callback phase initiated.
(google) Request phase initiated.
(google) Callback phase initiated.
(google) Request phase initiated.
(google) Callback phase initiated.
(google) Request phase initiated.
(google) Callback phase initiated.
(google) Request phase initiated.
(google) Callback phase initiated.
(qq_connect) Request phase initiated.
(qq_connect) Request phase initiated.
(qq_connect) Callback phase initiated.
(qq_connect) Request phase initiated.
(qq_connect) Callback phase initiated.
(qq_connect) Request phase initiated.
(qq_connect) Callback phase initiated.
(qq_connect) Request phase initiated.
(qq_connect) Callback phase initiated.
(qq_connect) Request phase initiated.
(qq_connect) Callback phase initiated.
(qq_connect) Request phase initiated.
(qq_connect) Callback phase initiated.
(weibo) Request phase initiated.
(tqq) Request phase initiated.
(tqq) Callback phase initiated.
(qq_connect) Request phase initiated.
(qq_connect) Callback phase initiated.
(qq_connect) Request phase initiated.
(qq_connect) Callback phase initiated.
(qq_connect) Request phase initiated.
(qq_connect) Callback phase initiated.
(qq_connect) Request phase initiated.
(google_oauth2) Request phase initiated.
(weibo) Request phase initiated.
(weibo) Callback phase initiated.
(tqq) Request phase initiated.
(tqq) Callback phase initiated.
